C:\Program Files\Microsoft Visual Studio\2022\Community\MSBuild\Microsoft\VC\v170\Microsoft.CppBuild.targets(531,5): warning MSB8028: The intermediate directory (Debug\) contains files shared from another project (Project1.vcxproj).  This can lead to incorrect clean and rebuild behavior.
  Assets.cpp
D:\ITI-GameDev\Project1\Project1\Assets.cpp(62,37): warning C4244: '=': conversion from 'T' to 'int', possible loss of data
D:\ITI-GameDev\Project1\Project1\Assets.cpp(62,37): warning C4244:         with
D:\ITI-GameDev\Project1\Project1\Assets.cpp(62,37): warning C4244:         [
D:\ITI-GameDev\Project1\Project1\Assets.cpp(62,37): warning C4244:             T=float
D:\ITI-GameDev\Project1\Project1\Assets.cpp(62,37): warning C4244:         ]
D:\ITI-GameDev\Project1\Project1\Assets.cpp(63,37): warning C4244: '=': conversion from 'T' to 'int', possible loss of data
D:\ITI-GameDev\Project1\Project1\Assets.cpp(63,37): warning C4244:         with
D:\ITI-GameDev\Project1\Project1\Assets.cpp(63,37): warning C4244:         [
D:\ITI-GameDev\Project1\Project1\Assets.cpp(63,37): warning C4244:             T=float
D:\ITI-GameDev\Project1\Project1\Assets.cpp(63,37): warning C4244:         ]
D:\ITI-GameDev\Project1\Project1\Assets.cpp(66,23): warning C4244: 'argument': conversion from 'int' to 'float', possible loss of data
D:\ITI-GameDev\Project1\Project1\Assets.cpp(65,23): warning C4244: 'argument': conversion from 'int' to 'float', possible loss of data
D:\ITI-GameDev\Project1\Project1\Assets.cpp(67,36): warning C4244: 'argument': conversion from 'int' to 'float', possible loss of data
D:\ITI-GameDev\Project1\Project1\Assets.cpp(67,29): warning C4244: 'argument': conversion from 'int' to 'float', possible loss of data
  Cherry.cpp
  Collectible.cpp
  Collidable.cpp
  Game.cpp
  GoldenApple.cpp
  GreenApple.cpp
  Health.cpp
  main.cpp
  Map.cpp
D:\ITI-GameDev\Project1\Project1\Map.cpp(72,68): warning C4244: 'argument': conversion from 'int' to 'float', possible loss of data
D:\ITI-GameDev\Project1\Project1\Map.cpp(72,37): warning C4244: 'argument': conversion from 'int' to 'float', possible loss of data
  MovingObstacle.cpp
D:\ITI-GameDev\Project1\Project1\MovingObstacle.h(15,27): warning C4305: 'initializing': truncation from 'double' to 'const float'
  (compiling source file 'MovingObstacle.cpp')
  
  Obstacles.cpp
  RedApple.cpp
  Rock.cpp
D:\ITI-GameDev\Project1\Project1\MovingObstacle.h(15,27): warning C4305: 'initializing': truncation from 'double' to 'const float'
  (compiling source file 'Rock.cpp')
  
  Shuriken.cpp
D:\ITI-GameDev\Project1\Project1\MovingObstacle.h(15,27): warning C4305: 'initializing': truncation from 'double' to 'const float'
  (compiling source file 'Shuriken.cpp')
  
  Snake.cpp
  StationaryObstacle.cpp
  Wall.cpp
  Generating Code...
  Project1.vcxproj -> D:\ITI-GameDev\Project1\Debug\Snake Game.exe
