d:\iti-gamedev\project1\project1\debug\vc143.pdb
d:\iti-gamedev\project1\project1\debug\vc143.idb
d:\iti-gamedev\project1\project1\debug\wall.obj
d:\iti-gamedev\project1\project1\debug\snake.obj
d:\iti-gamedev\project1\project1\debug\map.obj
d:\iti-gamedev\project1\project1\debug\main.obj
d:\iti-gamedev\project1\project1\debug\health.obj
d:\iti-gamedev\project1\project1\debug\game.obj
d:\iti-gamedev\project1\project1\debug\assets.obj
d:\iti-gamedev\project1\project1\debug\stationaryobstacle.obj
d:\iti-gamedev\project1\project1\debug\shuriken.obj
d:\iti-gamedev\project1\project1\debug\rock.obj
d:\iti-gamedev\project1\project1\debug\redapple.obj
d:\iti-gamedev\project1\project1\debug\obstacles.obj
d:\iti-gamedev\project1\project1\debug\movingobstacle.obj
d:\iti-gamedev\project1\project1\debug\greenapple.obj
d:\iti-gamedev\project1\project1\debug\goldenapple.obj
d:\iti-gamedev\project1\project1\debug\collectible.obj
d:\iti-gamedev\project1\project1\debug\cherry.obj
d:\iti-gamedev\project1\project1\debug\collidable.obj
d:\iti-gamedev\project1\debug\snake game.exe
d:\iti-gamedev\project1\debug\snake game.pdb
d:\iti-gamedev\project1\project1\debug\snake game.ilk
d:\iti-gamedev\project1\project1\debug\snake game.tlog\cl.command.1.tlog
d:\iti-gamedev\project1\project1\debug\snake game.tlog\cl.items.tlog
d:\iti-gamedev\project1\project1\debug\snake game.tlog\cl.read.1.tlog
d:\iti-gamedev\project1\project1\debug\snake game.tlog\cl.write.1.tlog
d:\iti-gamedev\project1\project1\debug\snake game.tlog\link.command.1.tlog
d:\iti-gamedev\project1\project1\debug\snake game.tlog\link.read.1.tlog
d:\iti-gamedev\project1\project1\debug\snake game.tlog\link.secondary.1.tlog
d:\iti-gamedev\project1\project1\debug\snake game.tlog\link.write.1.tlog
